<?xml version="1.0" encoding="UTF-8"?>
<!-- Generated by org.testng.reporters.JUnitReportReporter -->
<testsuite hostname="DESKTOP-E06HOR8" failures="0" tests="1" name="sampletestcase.addtocart01_Test" time="8.440" errors="0" timestamp="2024-05-03T11:57:09 IST" skipped="0">
  <testcase classname="sampletestcase.addtocart01_Test" name="addtocart" time="8.440"/>
  <system-out/>
</testsuite> <!-- sampletestcase.addtocart01_Test -->
